2024-02-08T11:46:00,445  WARN RandomizingTimeDistanceTravelDisutilityFactory:113 There will be no routing randomness. The randomization of the travel disutility requires the monetary distance rate to be different than zero. Continuing anyway.
2024-02-08T11:46:00,445  WARN RandomizingTimeDistanceTravelDisutilityFactory:118 There will be no routing randomness. The randomization of the travel disutility requires the travel time cost rate to be different than zero. Continuing anyway.
2024-02-08T11:46:02,095  WARN QueueWithBuffer:500 Link 100061 too small: enlarge storage capacity from: 2.364373543642173 Vehicles to: 2.5085918713079165 Vehicles.  This is not fatal, but modifies the traffic flow dynamics.
2024-02-08T11:46:02,099  WARN QueueWithBuffer:500 Link 100062 too small: enlarge storage capacity from: 2.364373543642173 Vehicles to: 2.5085918713079165 Vehicles.  This is not fatal, but modifies the traffic flow dynamics.
2024-02-08T11:46:02,099  WARN QueueWithBuffer:500 Link 100159 too small: enlarge storage capacity from: 2.3279058035016513 Vehicles to: 2.4810996196243544 Vehicles.  This is not fatal, but modifies the traffic flow dynamics.
2024-02-08T11:46:02,099  WARN QueueWithBuffer:500 Link 100160 too small: enlarge storage capacity from: 2.3279058035016513 Vehicles to: 2.4810996196243544 Vehicles.  This is not fatal, but modifies the traffic flow dynamics.
2024-02-08T11:46:02,100  WARN QueueWithBuffer:500 Link 100279 too small: enlarge storage capacity from: 0.8044626111127964 Vehicles to: 1.057778804356083 Vehicles.  This is not fatal, but modifies the traffic flow dynamics.
2024-02-08T11:46:02,100  WARN QueueWithBuffer:500 Link 100280 too small: enlarge storage capacity from: 0.8044626111127964 Vehicles to: 1.057778804356083 Vehicles.  This is not fatal, but modifies the traffic flow dynamics.
2024-02-08T11:46:02,103  WARN QueueWithBuffer:500 Link 100766 too small: enlarge storage capacity from: 1.5677384686274727 Vehicles to: 1.8453328312273465 Vehicles.  This is not fatal, but modifies the traffic flow dynamics.
2024-02-08T11:46:02,104  WARN QueueWithBuffer:500 Link 100767 too small: enlarge storage capacity from: 1.5677384686274727 Vehicles to: 1.8453328312273465 Vehicles.  This is not fatal, but modifies the traffic flow dynamics.
2024-02-08T11:46:02,106  WARN QueueWithBuffer:500 Link 100840 too small: enlarge storage capacity from: 1.367826997551048 Vehicles to: 1.6554708862490988 Vehicles.  This is not fatal, but modifies the traffic flow dynamics.
2024-02-08T11:46:02,106  WARN QueueWithBuffer:500 Link 100841 too small: enlarge storage capacity from: 1.367826997551048 Vehicles to: 1.6554708862490988 Vehicles.  This is not fatal, but modifies the traffic flow dynamics.
2024-02-08T11:46:02,107  WARN QueueWithBuffer:500 Link 100962 too small: enlarge storage capacity from: 18.588510955649852 Vehicles to: 33.45931972016973 Vehicles.  This is not fatal, but modifies the traffic flow dynamics.
2024-02-08T11:46:02,107  WARN QueueWithBuffer:503 Additional warnings of this type are suppressed.
2024-02-08T11:46:02,827  WARN FreightAgentSource:86 inserting vehicleId=freight_edeka_SUPERMARKT_TROCKEN_veh_heavy26t_59933_1 into mobsim.
2024-02-08T11:46:02,829  WARN FreightAgentSource:86 inserting vehicleId=freight_edeka_SUPERMARKT_TROCKEN_veh_heavy26t_59933_2 into mobsim.
2024-02-08T11:46:02,829  WARN FreightAgentSource:86 inserting vehicleId=freight_edeka_SUPERMARKT_TROCKEN_veh_heavy26t_59933_3 into mobsim.
2024-02-08T11:46:02,829  WARN FreightAgentSource:86 inserting vehicleId=freight_edeka_SUPERMARKT_TROCKEN_veh_heavy26t_59933_4 into mobsim.
2024-02-08T11:46:02,829  WARN FreightAgentSource:86 inserting vehicleId=freight_edeka_SUPERMARKT_TROCKEN_veh_heavy26t_59933_5 into mobsim.
2024-02-08T11:46:02,830  WARN FreightAgentSource:86 inserting vehicleId=freight_edeka_SUPERMARKT_TROCKEN_veh_heavy26t_59933_6 into mobsim.
2024-02-08T11:46:02,830  WARN FreightAgentSource:86 inserting vehicleId=freight_edeka_SUPERMARKT_TROCKEN_veh_heavy26t_59933_7 into mobsim.
2024-02-08T11:46:02,830  WARN FreightAgentSource:86 inserting vehicleId=freight_edeka_SUPERMARKT_TROCKEN_veh_heavy26t_59933_8 into mobsim.
2024-02-08T11:46:02,830  WARN FreightAgentSource:86 inserting vehicleId=freight_edeka_SUPERMARKT_TROCKEN_veh_heavy26t_59933_9 into mobsim.
2024-02-08T11:46:02,830  WARN FreightAgentSource:86 inserting vehicleId=freight_edeka_SUPERMARKT_TROCKEN_veh_heavy26t_59933_10 into mobsim.
2024-02-08T11:46:02,830  WARN FreightAgentSource:86 inserting vehicleId=freight_edeka_SUPERMARKT_TROCKEN_veh_heavy26t_59933_11 into mobsim.
2024-02-08T11:46:02,830  WARN FreightAgentSource:86 inserting vehicleId=freight_edeka_SUPERMARKT_TROCKEN_veh_heavy26t_59933_12 into mobsim.
2024-02-08T11:46:02,830  WARN FreightAgentSource:86 inserting vehicleId=freight_edeka_SUPERMARKT_TROCKEN_veh_heavy26t_59933_13 into mobsim.
2024-02-08T11:46:02,830  WARN FreightAgentSource:86 inserting vehicleId=freight_edeka_SUPERMARKT_TROCKEN_veh_heavy26t_59933_14 into mobsim.
2024-02-08T11:46:02,830  WARN FreightAgentSource:86 inserting vehicleId=freight_edeka_SUPERMARKT_TROCKEN_veh_heavy26t_59933_15 into mobsim.
2024-02-08T11:46:02,831  WARN FreightAgentSource:86 inserting vehicleId=freight_edeka_SUPERMARKT_TROCKEN_veh_heavy26t_59933_16 into mobsim.
2024-02-08T11:46:02,831  WARN FreightAgentSource:86 inserting vehicleId=freight_edeka_SUPERMARKT_TROCKEN_veh_heavy26t_59933_17 into mobsim.
2024-02-08T11:46:02,831  WARN FreightAgentSource:86 inserting vehicleId=freight_edeka_SUPERMARKT_TROCKEN_veh_heavy26t_59933_18 into mobsim.
2024-02-08T11:46:02,831  WARN FreightAgentSource:86 inserting vehicleId=freight_edeka_SUPERMARKT_TROCKEN_veh_medium18t_59933_19 into mobsim.
2024-02-08T11:46:02,832  WARN FreightAgentSource:86 inserting vehicleId=freight_edeka_SUPERMARKT_FRISCHE_veh_heavy26t_95392_1 into mobsim.
2024-02-08T11:46:02,833  WARN FreightAgentSource:86 inserting vehicleId=freight_edeka_SUPERMARKT_FRISCHE_veh_heavy26t_95392_2 into mobsim.
2024-02-08T11:46:02,833  WARN FreightAgentSource:86 inserting vehicleId=freight_edeka_SUPERMARKT_FRISCHE_veh_heavy26t_95392_3 into mobsim.
2024-02-08T11:46:02,833  WARN FreightAgentSource:86 inserting vehicleId=freight_edeka_SUPERMARKT_FRISCHE_veh_heavy26t_95392_4 into mobsim.
2024-02-08T11:46:02,833  WARN FreightAgentSource:86 inserting vehicleId=freight_edeka_SUPERMARKT_FRISCHE_veh_heavy26t_95392_5 into mobsim.
2024-02-08T11:46:02,834  WARN FreightAgentSource:86 inserting vehicleId=freight_edeka_SUPERMARKT_FRISCHE_veh_heavy26t_95392_6 into mobsim.
2024-02-08T11:46:02,834  WARN FreightAgentSource:86 inserting vehicleId=freight_edeka_SUPERMARKT_FRISCHE_veh_heavy26t_95392_7 into mobsim.
2024-02-08T11:46:02,834  WARN FreightAgentSource:86 inserting vehicleId=freight_edeka_SUPERMARKT_FRISCHE_veh_heavy26t_95392_8 into mobsim.
2024-02-08T11:46:02,834  WARN FreightAgentSource:86 inserting vehicleId=freight_edeka_SUPERMARKT_FRISCHE_veh_heavy26t_95392_9 into mobsim.
2024-02-08T11:46:02,834  WARN FreightAgentSource:86 inserting vehicleId=freight_edeka_SUPERMARKT_FRISCHE_veh_heavy26t_95392_10 into mobsim.
2024-02-08T11:46:02,834  WARN FreightAgentSource:86 inserting vehicleId=freight_edeka_SUPERMARKT_FRISCHE_veh_heavy26t_95392_11 into mobsim.
2024-02-08T11:46:02,834  WARN FreightAgentSource:86 inserting vehicleId=freight_edeka_SUPERMARKT_FRISCHE_veh_heavy26t_95392_12 into mobsim.
2024-02-08T11:46:02,835  WARN FreightAgentSource:86 inserting vehicleId=freight_edeka_SUPERMARKT_FRISCHE_veh_heavy26t_95392_13 into mobsim.
2024-02-08T11:46:02,835  WARN FreightAgentSource:86 inserting vehicleId=freight_edeka_SUPERMARKT_FRISCHE_veh_heavy26t_95392_14 into mobsim.
2024-02-08T11:46:02,835  WARN FreightAgentSource:86 inserting vehicleId=freight_edeka_SUPERMARKT_FRISCHE_veh_heavy26t_95392_15 into mobsim.
2024-02-08T11:46:02,835  WARN FreightAgentSource:86 inserting vehicleId=freight_edeka_SUPERMARKT_FRISCHE_veh_heavy26t_95392_16 into mobsim.
2024-02-08T11:46:02,835  WARN FreightAgentSource:86 inserting vehicleId=freight_edeka_SUPERMARKT_FRISCHE_veh_heavy26t_95392_17 into mobsim.
2024-02-08T11:46:02,835  WARN FreightAgentSource:86 inserting vehicleId=freight_edeka_SUPERMARKT_FRISCHE_veh_heavy26t_95392_18 into mobsim.
2024-02-08T11:46:02,836  WARN FreightAgentSource:86 inserting vehicleId=freight_edeka_SUPERMARKT_FRISCHE_veh_heavy26t_95392_19 into mobsim.
2024-02-08T11:46:02,836  WARN FreightAgentSource:86 inserting vehicleId=freight_edeka_SUPERMARKT_FRISCHE_veh_heavy26t_95392_20 into mobsim.
2024-02-08T11:46:02,836  WARN FreightAgentSource:86 inserting vehicleId=freight_edeka_SUPERMARKT_FRISCHE_veh_heavy26t_95392_21 into mobsim.
2024-02-08T11:46:02,836  WARN FreightAgentSource:86 inserting vehicleId=freight_edeka_SUPERMARKT_FRISCHE_veh_heavy26t_95392_22 into mobsim.
2024-02-08T11:46:02,836  WARN FreightAgentSource:86 inserting vehicleId=freight_edeka_SUPERMARKT_FRISCHE_veh_heavy26t_95392_23 into mobsim.
2024-02-08T11:46:02,837  WARN FreightAgentSource:86 inserting vehicleId=freight_edeka_SUPERMARKT_TIEFKUEHL_veh_heavy26t_frozen_95392_1 into mobsim.
2024-02-08T11:46:02,837  WARN FreightAgentSource:86 inserting vehicleId=freight_edeka_SUPERMARKT_TIEFKUEHL_veh_heavy26t_frozen_95392_2 into mobsim.
2024-02-08T11:46:02,837  WARN FreightAgentSource:86 inserting vehicleId=freight_lidl_DISCOUNTER_FRISCHE_veh_heavy26t_159381_1 into mobsim.
2024-02-08T11:46:02,837  WARN FreightAgentSource:86 inserting vehicleId=freight_lidl_DISCOUNTER_FRISCHE_veh_heavy26t_35493_2 into mobsim.
2024-02-08T11:46:02,837  WARN FreightAgentSource:86 inserting vehicleId=freight_lidl_DISCOUNTER_FRISCHE_veh_heavy26t_159381_3 into mobsim.
2024-02-08T11:46:02,838  WARN FreightAgentSource:86 inserting vehicleId=freight_lidl_DISCOUNTER_FRISCHE_veh_heavy26t_159381_4 into mobsim.
2024-02-08T11:46:02,838  WARN FreightAgentSource:86 inserting vehicleId=freight_lidl_DISCOUNTER_FRISCHE_veh_heavy26t_159381_5 into mobsim.
2024-02-08T11:46:02,838  WARN FreightAgentSource:86 inserting vehicleId=freight_lidl_DISCOUNTER_FRISCHE_veh_heavy26t_159381_6 into mobsim.
2024-02-08T11:46:02,838  WARN FreightAgentSource:86 inserting vehicleId=freight_lidl_DISCOUNTER_FRISCHE_veh_heavy26t_159381_7 into mobsim.
2024-02-08T11:46:02,838  WARN FreightAgentSource:86 inserting vehicleId=freight_lidl_DISCOUNTER_FRISCHE_veh_heavy26t_159381_8 into mobsim.
2024-02-08T11:46:02,838  WARN FreightAgentSource:86 inserting vehicleId=freight_lidl_DISCOUNTER_FRISCHE_veh_heavy26t_159381_9 into mobsim.
2024-02-08T11:46:02,838  WARN FreightAgentSource:86 inserting vehicleId=freight_lidl_DISCOUNTER_FRISCHE_veh_heavy26t_159381_10 into mobsim.
2024-02-08T11:46:02,838  WARN FreightAgentSource:86 inserting vehicleId=freight_lidl_DISCOUNTER_FRISCHE_veh_heavy26t_159381_11 into mobsim.
2024-02-08T11:46:02,838  WARN FreightAgentSource:86 inserting vehicleId=freight_lidl_DISCOUNTER_FRISCHE_veh_heavy26t_159381_12 into mobsim.
2024-02-08T11:46:02,838  WARN FreightAgentSource:86 inserting vehicleId=freight_lidl_DISCOUNTER_FRISCHE_veh_heavy26t_159381_13 into mobsim.
2024-02-08T11:46:02,838  WARN FreightAgentSource:86 inserting vehicleId=freight_lidl_DISCOUNTER_FRISCHE_veh_heavy26t_159381_14 into mobsim.
2024-02-08T11:46:02,838  WARN FreightAgentSource:86 inserting vehicleId=freight_lidl_DISCOUNTER_FRISCHE_veh_heavy26t_159381_15 into mobsim.
2024-02-08T11:46:02,838  WARN FreightAgentSource:86 inserting vehicleId=freight_lidl_DISCOUNTER_FRISCHE_veh_heavy26t_159381_16 into mobsim.
2024-02-08T11:46:02,838  WARN FreightAgentSource:86 inserting vehicleId=freight_lidl_DISCOUNTER_FRISCHE_veh_heavy26t_159381_17 into mobsim.
2024-02-08T11:46:02,838  WARN FreightAgentSource:86 inserting vehicleId=freight_lidl_DISCOUNTER_FRISCHE_veh_heavy26t_159381_18 into mobsim.
2024-02-08T11:46:02,839  WARN FreightAgentSource:86 inserting vehicleId=freight_lidl_DISCOUNTER_FRISCHE_veh_heavy26t_159381_19 into mobsim.
2024-02-08T11:46:02,839  WARN FreightAgentSource:86 inserting vehicleId=freight_lidl_DISCOUNTER_FRISCHE_veh_heavy26t_159381_20 into mobsim.
2024-02-08T11:46:02,839  WARN FreightAgentSource:86 inserting vehicleId=freight_lidl_DISCOUNTER_FRISCHE_veh_heavy26t_159381_21 into mobsim.
2024-02-08T11:46:02,839  WARN FreightAgentSource:86 inserting vehicleId=freight_lidl_DISCOUNTER_FRISCHE_veh_heavy26t_159381_22 into mobsim.
2024-02-08T11:46:02,839  WARN FreightAgentSource:86 inserting vehicleId=freight_lidl_DISCOUNTER_FRISCHE_veh_heavy26t_159381_23 into mobsim.
2024-02-08T11:46:02,839  WARN FreightAgentSource:86 inserting vehicleId=freight_lidl_DISCOUNTER_FRISCHE_veh_heavy26t_159381_24 into mobsim.
2024-02-08T11:46:02,839  WARN FreightAgentSource:86 inserting vehicleId=freight_lidl_DISCOUNTER_FRISCHE_veh_heavy26t_159381_25 into mobsim.
2024-02-08T11:46:02,839  WARN FreightAgentSource:86 inserting vehicleId=freight_lidl_DISCOUNTER_FRISCHE_veh_heavy26t_159381_26 into mobsim.
2024-02-08T11:46:02,839  WARN FreightAgentSource:86 inserting vehicleId=freight_lidl_DISCOUNTER_FRISCHE_veh_heavy26t_159381_27 into mobsim.
2024-02-08T11:46:02,839  WARN FreightAgentSource:86 inserting vehicleId=freight_lidl_DISCOUNTER_FRISCHE_veh_heavy26t_159381_28 into mobsim.
2024-02-08T11:46:02,840  WARN FreightAgentSource:86 inserting vehicleId=freight_lidl_DISCOUNTER_FRISCHE_veh_heavy26t_159381_29 into mobsim.
2024-02-08T11:46:02,840  WARN FreightAgentSource:86 inserting vehicleId=freight_lidl_DISCOUNTER_TROCKEN_veh_medium18t_159381_1 into mobsim.
2024-02-08T11:46:02,840  WARN FreightAgentSource:86 inserting vehicleId=freight_lidl_DISCOUNTER_TROCKEN_veh_medium18t_35493_2 into mobsim.
2024-02-08T11:46:02,840  WARN FreightAgentSource:86 inserting vehicleId=freight_lidl_DISCOUNTER_TROCKEN_veh_heavy26t_159381_3 into mobsim.
2024-02-08T11:46:02,840  WARN FreightAgentSource:86 inserting vehicleId=freight_lidl_DISCOUNTER_TROCKEN_veh_heavy26t_159381_4 into mobsim.
2024-02-08T11:46:02,840  WARN FreightAgentSource:86 inserting vehicleId=freight_lidl_DISCOUNTER_TROCKEN_veh_heavy26t_159381_5 into mobsim.
2024-02-08T11:46:02,840  WARN FreightAgentSource:86 inserting vehicleId=freight_lidl_DISCOUNTER_TROCKEN_veh_heavy26t_159381_6 into mobsim.
2024-02-08T11:46:02,840  WARN FreightAgentSource:86 inserting vehicleId=freight_lidl_DISCOUNTER_TROCKEN_veh_heavy26t_159381_7 into mobsim.
2024-02-08T11:46:02,840  WARN FreightAgentSource:86 inserting vehicleId=freight_lidl_DISCOUNTER_TROCKEN_veh_heavy26t_159381_8 into mobsim.
2024-02-08T11:46:02,840  WARN FreightAgentSource:86 inserting vehicleId=freight_lidl_DISCOUNTER_TROCKEN_veh_medium18t_159381_9 into mobsim.
2024-02-08T11:46:02,841  WARN FreightAgentSource:86 inserting vehicleId=freight_lidl_DISCOUNTER_TROCKEN_veh_heavy26t_159381_10 into mobsim.
2024-02-08T11:46:02,841  WARN FreightAgentSource:86 inserting vehicleId=freight_lidl_DISCOUNTER_TROCKEN_veh_heavy26t_159381_11 into mobsim.
2024-02-08T11:46:02,841  WARN FreightAgentSource:86 inserting vehicleId=freight_lidl_DISCOUNTER_TROCKEN_veh_medium18t_159381_12 into mobsim.
2024-02-08T11:46:02,841  WARN FreightAgentSource:86 inserting vehicleId=freight_lidl_DISCOUNTER_TROCKEN_veh_heavy26t_159381_13 into mobsim.
2024-02-08T11:46:02,841  WARN FreightAgentSource:86 inserting vehicleId=freight_lidl_DISCOUNTER_TROCKEN_veh_heavy26t_159381_14 into mobsim.
2024-02-08T11:46:02,841  WARN FreightAgentSource:86 inserting vehicleId=freight_lidl_DISCOUNTER_TROCKEN_veh_medium18t_159381_15 into mobsim.
2024-02-08T11:46:02,841  WARN FreightAgentSource:86 inserting vehicleId=freight_lidl_DISCOUNTER_TROCKEN_veh_heavy26t_159381_16 into mobsim.
2024-02-08T11:46:02,841  WARN FreightAgentSource:86 inserting vehicleId=freight_lidl_DISCOUNTER_TROCKEN_veh_medium18t_159381_17 into mobsim.
2024-02-08T11:46:02,841  WARN FreightAgentSource:86 inserting vehicleId=freight_lidl_DISCOUNTER_TROCKEN_veh_medium18t_159381_18 into mobsim.
2024-02-08T11:46:02,841  WARN FreightAgentSource:86 inserting vehicleId=freight_lidl_DISCOUNTER_TIEFKUEHL_veh_heavy26t_frozen_159381_1 into mobsim.
2024-02-08T11:46:02,842  WARN FreightAgentSource:86 inserting vehicleId=freight_lidl_DISCOUNTER_TIEFKUEHL_veh_heavy26t_frozen_159381_2 into mobsim.
2024-02-08T11:46:02,842  WARN FreightAgentSource:86 inserting vehicleId=freight_lidl_DISCOUNTER_TIEFKUEHL_veh_light8t_frozen_159381_3 into mobsim.
2024-02-08T11:46:03,787 ERROR BasicPlanAgentImpl:187 last activity of person driver agent id freight_lidl_DISCOUNTER_TROCKEN_veh_medium18t_35493_2 has end time < infty; setting it to infty
2024-02-08T11:46:03,788 ERROR BasicPlanAgentImpl:188  This message given only once.
2024-02-08T11:46:05,889  WARN CarrierAgent:182 score=-Infinity
2024-02-08T11:46:05,889  WARN CarrierAgent:182 score=-Infinity
2024-02-08T11:46:05,889  WARN CarrierAgent:182 score=-Infinity
2024-02-08T11:46:05,889  WARN CarrierAgent:182 score=-Infinity
2024-02-08T11:46:05,889  WARN CarrierAgent:182 score=-Infinity
2024-02-08T11:46:05,889  WARN CarrierAgent:182 score=-Infinity
